<?xml version="1.0" encoding="UTF-8"?>
<!-- Generated by org.testng.reporters.JUnitXMLReporter -->
<testsuite ignored="2" hostname="tvisha" failures="0" tests="1" name="Default test" time="0.158" errors="0" timestamp="2024-04-04T12:14:31 IST">
  <testcase classname="TestScripts.LoginpageTest" name="lognwithmultipleData" time="0.0">
    <skipped/>
  </testcase> <!-- lognwithmultipleData -->
  <testcase classname="TestScripts.LoginpageTest" name="VerifuFunctionalityAudioDigestLoginwithInValidaData" time="0.0">
    <ignored/>
  </testcase> <!-- VerifuFunctionalityAudioDigestLoginwithInValidaData -->
  <testcase classname="TestScripts.LoginpageTest" name="VerifuFunctionalityJoeyRoomsLoginwithValidaData" time="0.0">
    <ignored/>
  </testcase> <!-- VerifuFunctionalityJoeyRoomsLoginwithValidaData -->
</testsuite> <!-- Default test -->
